Using pre-set license
Built from '2020.3/release' branch; Version is '2020.3.12f1 (b3b2c6512326) revision 11776710'; Using compiler version '192528614'; Build Type 'Release'
OS: 'Windows 10 Pro; OS build 19043.1415; Version 2009; 64bit' Language: 'ja' Physical Memory: 4013 MB
BatchMode: 1, IsHumanControllingUs: 0, StartBugReporterOnCrash: 0, Is64bit: 1, IsPro: 0

 COMMAND LINE ARGUMENTS:
C:\Program Files\Unity\Hub\Editor\2020.3.12f1\Editor\Unity.exe
-adb2
-batchMode
-noUpm
-name
AssetImportWorker0
-projectPath
C:/Users/Owner/PlayFab_Sample
-logFile
Logs/AssetImportWorker0.log
-srvPort
57276
Successfully changed project path to: C:/Users/Owner/PlayFab_Sample
C:/Users/Owner/PlayFab_Sample
Using Asset Import Pipeline V2.
Refreshing native plugins compatible for Editor in 303.83 ms, found 2 plugins.
Preloading 0 native plugins for Editor in 0.00 ms.
Initialize engine version: 2020.3.12f1 (b3b2c6512326)
[Subsystems] Discovering subsystems at path C:/Program Files/Unity/Hub/Editor/2020.3.12f1/Editor/Data/Resources/UnitySubsystems
[Subsystems] Discovering subsystems at path C:/Users/Owner/PlayFab_Sample/Assets
GfxDevice: creating device client; threaded=0
Direct3D:
    Version:  Direct3D 11.0 [level 11.1]
    Renderer: Intel(R) HD Graphics 615 (ID=0x591e)
    Vendor:   
    VRAM:     2006 MB
    Driver:   27.20.100.8682
Initialize mono
Mono path[0] = 'C:/Program Files/Unity/Hub/Editor/2020.3.12f1/Editor/Data/Managed'
Mono path[1] = 'C:/Program Files/Unity/Hub/Editor/2020.3.12f1/Editor/Data/MonoBleedingEdge/lib/mono/unityjit'
Mono config path = 'C:/Program Files/Unity/Hub/Editor/2020.3.12f1/Editor/Data/MonoBleedingEdge/etc'
Using monoOptions --debugger-agent=transport=dt_socket,embedding=1,server=y,suspend=n,address=127.0.0.1:56412
Begin MonoManager ReloadAssembly
Registering precompiled unity dll's ...
Register platform support module: C:/Program Files/Unity/Hub/Editor/2020.3.12f1/Editor/Data/PlaybackEngines/WindowsStandaloneSupport/UnityEditor.WindowsStandalone.Extensions.dll
Registered in 0.008582 seconds.
Native extension for WindowsStandalone target not found
Refreshing native plugins compatible for Editor in 105.91 ms, found 2 plugins.
Preloading 0 native plugins for Editor in 0.00 ms.
Mono: successfully reloaded assembly
- Completed reload, in 16.586 seconds
Platform modules already initialized, skipping
Registering precompiled user dll's ...
Registered in 0.037260 seconds.
Begin MonoManager ReloadAssembly
Native extension for WindowsStandalone target not found
Refreshing native plugins compatible for Editor in 1.16 ms, found 2 plugins.
Preloading 0 native plugins for Editor in 0.00 ms.
Mono: successfully reloaded assembly
- Completed reload, in  3.309 seconds
Platform modules already initialized, skipping
========================================================================
Worker process is ready to serve import requests
Launched and connected shader compiler UnityShaderCompiler.exe after 0.14 seconds
Refreshing native plugins compatible for Editor in 0.84 ms, found 2 plugins.
Preloading 0 native plugins for Editor in 0.00 ms.
Unloading 1861 Unused Serialized files (Serialized files now loaded: 0)
System memory in use before: 86.0 MB.
System memory in use after: 86.0 MB.

Unloading 19 unused Assets to reduce memory usage. Loaded Objects now: 2295.
Total: 11.810000 ms (FindLiveObjects: 0.386100 ms CreateObjectMapping: 0.156500 ms MarkObjects: 9.939000 ms  DeleteObjects: 1.324900 ms)

AssetImportParameters requested are different than current active one (requested -> active):
  custom:framework-win-MediaFoundation: 216162199b28c13a410421893ffa2e32 -> 
  custom:video-decoder-ogg-theora: a1e56fd34408186e4bbccfd4996cb3dc -> 
  custom:container-muxer-webm: aa71ff27fc2769a1b78a27578f13a17b -> 
  custom:container-demuxer-webm: 4f35f7cbe854078d1ac9338744f61a02 -> 
  custom:container-demuxer-ogg: 62fdf1f143b41e24485cea50d1cbac27 -> 
  custom:video-encoder-webm-vp8: eb34c28f22e8b96e1ab97ce403110664 -> 
  custom:video-codec-MediaFoundation-h265: 746d11721c4dcdbdad8f713fa42b33f4 -> 
  custom:video-decoder-webm-vp8: 9c59270c3fd7afecdb556c50c9e8de78 -> 
  custom:audio-decoder-ogg-vorbis: bf7c407c2cedff20999df2af8eb42d56 -> 
  custom:audio-encoder-webm-vorbis: bf7c407c2cedff20999df2af8eb42d56 -> 
========================================================================
Received Import Request.
  path: Assets/Prefabs/lbl.prefab
  artifactKey: Guid(d65f8e08230265a43a7bc0c2d3b5381b) Importer(815301076,1909f56bfc062723c751e8b465ee728b)
Start importing Assets/Prefabs/lbl.prefab using Guid(d65f8e08230265a43a7bc0c2d3b5381b) Importer(815301076,1909f56bfc062723c751e8b465ee728b)  -> (artifact id: '3845867dac24cff5480d07e57ebaf6a2') in 0.169611 seconds 
  Import took 0.179761 seconds .

========================================================================
Received Import Request.
  Time since last request: 808.170722 seconds.
  path: Assets/Prefabs/btnSubmit.prefab
  artifactKey: Guid(ae9e5704d4fa454489bede8feccc8d36) Importer(815301076,1909f56bfc062723c751e8b465ee728b)
Start importing Assets/Prefabs/btnSubmit.prefab using Guid(ae9e5704d4fa454489bede8feccc8d36) Importer(815301076,1909f56bfc062723c751e8b465ee728b)  -> (artifact id: '2b94f7aff9eb0fe12fd24f4fb1b4f7a1') in 0.227369 seconds 
  Import took 0.501198 seconds .

========================================================================
Received Import Request.
  Time since last request: 8.773505 seconds.
  path: Assets/Prefabs/btn.prefab
  artifactKey: Guid(ae9e5704d4fa454489bede8feccc8d36) Importer(815301076,1909f56bfc062723c751e8b465ee728b)
Start importing Assets/Prefabs/btn.prefab using Guid(ae9e5704d4fa454489bede8feccc8d36) Importer(815301076,1909f56bfc062723c751e8b465ee728b)  -> (artifact id: '642c046c03348fae0225a707fa34e903') in 0.048760 seconds 
  Import took 0.065783 seconds .

========================================================================
Received Import Request.
  Time since last request: 0.034992 seconds.
  path: Assets/Prefabs/btn.prefab
  artifactKey: Guid(ae9e5704d4fa454489bede8feccc8d36) Importer(815301076,1909f56bfc062723c751e8b465ee728b)
Start importing Assets/Prefabs/btn.prefab using Guid(ae9e5704d4fa454489bede8feccc8d36) Importer(815301076,1909f56bfc062723c751e8b465ee728b)  -> (artifact id: '642c046c03348fae0225a707fa34e903') in 0.042559 seconds 
  Import took 0.066466 seconds .

========================================================================
Received Import Request.
  Time since last request: 475.680714 seconds.
  path: Assets/Prefabs/lbl.prefab
  artifactKey: Guid(d65f8e08230265a43a7bc0c2d3b5381b) Importer(815301076,1909f56bfc062723c751e8b465ee728b)
Start importing Assets/Prefabs/lbl.prefab using Guid(d65f8e08230265a43a7bc0c2d3b5381b) Importer(815301076,1909f56bfc062723c751e8b465ee728b)  -> (artifact id: '1a5352459083e55fe3d21d5706f3cecb') in 0.037920 seconds 
  Import took 0.082823 seconds .

