Using pre-set license
Built from '2020.3/release' branch; Version is '2020.3.12f1 (b3b2c6512326) revision 11776710'; Using compiler version '192528614'; Build Type 'Release'
OS: 'Windows 10 Pro; OS build 19043.1415; Version 2009; 64bit' Language: 'ja' Physical Memory: 4013 MB
BatchMode: 1, IsHumanControllingUs: 0, StartBugReporterOnCrash: 0, Is64bit: 1, IsPro: 0

 COMMAND LINE ARGUMENTS:
C:\Program Files\Unity\Hub\Editor\2020.3.12f1\Editor\Unity.exe
-adb2
-batchMode
-noUpm
-name
AssetImportWorker7
-projectPath
C:/Users/Owner/PlayFab_Sample
-logFile
Logs/AssetImportWorker7.log
-srvPort
50152
Successfully changed project path to: C:/Users/Owner/PlayFab_Sample
C:/Users/Owner/PlayFab_Sample
Using Asset Import Pipeline V2.
Refreshing native plugins compatible for Editor in 145.74 ms, found 2 plugins.
Preloading 0 native plugins for Editor in 0.00 ms.
Initialize engine version: 2020.3.12f1 (b3b2c6512326)
[Subsystems] Discovering subsystems at path C:/Program Files/Unity/Hub/Editor/2020.3.12f1/Editor/Data/Resources/UnitySubsystems
[Subsystems] Discovering subsystems at path C:/Users/Owner/PlayFab_Sample/Assets
GfxDevice: creating device client; threaded=0
Direct3D:
    Version:  Direct3D 11.0 [level 11.1]
    Renderer: Intel(R) HD Graphics 615 (ID=0x591e)
    Vendor:   
    VRAM:     2006 MB
    Driver:   27.20.100.8682
Initialize mono
Mono path[0] = 'C:/Program Files/Unity/Hub/Editor/2020.3.12f1/Editor/Data/Managed'
Mono path[1] = 'C:/Program Files/Unity/Hub/Editor/2020.3.12f1/Editor/Data/MonoBleedingEdge/lib/mono/unityjit'
Mono config path = 'C:/Program Files/Unity/Hub/Editor/2020.3.12f1/Editor/Data/MonoBleedingEdge/etc'
Using monoOptions --debugger-agent=transport=dt_socket,embedding=1,server=y,suspend=n,address=127.0.0.1:56612
Begin MonoManager ReloadAssembly
Registering precompiled unity dll's ...
Register platform support module: C:/Program Files/Unity/Hub/Editor/2020.3.12f1/Editor/Data/PlaybackEngines/WindowsStandaloneSupport/UnityEditor.WindowsStandalone.Extensions.dll
Registered in 0.012235 seconds.
Native extension for WindowsStandalone target not found
Refreshing native plugins compatible for Editor in 92.22 ms, found 2 plugins.
Preloading 0 native plugins for Editor in 0.00 ms.
Mono: successfully reloaded assembly
- Completed reload, in  9.215 seconds
Platform modules already initialized, skipping
Registering precompiled user dll's ...
Registered in 0.032983 seconds.
Begin MonoManager ReloadAssembly
Native extension for WindowsStandalone target not found
Refreshing native plugins compatible for Editor in 0.69 ms, found 2 plugins.
Preloading 0 native plugins for Editor in 0.00 ms.
Mono: successfully reloaded assembly
- Completed reload, in  4.263 seconds
Platform modules already initialized, skipping
========================================================================
Worker process is ready to serve import requests
Launched and connected shader compiler UnityShaderCompiler.exe after 0.29 seconds
Refreshing native plugins compatible for Editor in 0.58 ms, found 2 plugins.
Preloading 0 native plugins for Editor in 0.00 ms.
Unloading 1387 Unused Serialized files (Serialized files now loaded: 0)
System memory in use before: 67.5 MB.
System memory in use after: 67.6 MB.

Unloading 19 unused Assets to reduce memory usage. Loaded Objects now: 1820.
Total: 16.667800 ms (FindLiveObjects: 0.272900 ms CreateObjectMapping: 0.669800 ms MarkObjects: 13.946700 ms  DeleteObjects: 1.774200 ms)

AssetImportParameters requested are different than current active one (requested -> active):
  custom:framework-win-MediaFoundation: 216162199b28c13a410421893ffa2e32 -> 
  custom:video-decoder-ogg-theora: a1e56fd34408186e4bbccfd4996cb3dc -> 
  custom:container-muxer-webm: aa71ff27fc2769a1b78a27578f13a17b -> 
  custom:container-demuxer-webm: 4f35f7cbe854078d1ac9338744f61a02 -> 
  custom:container-demuxer-ogg: 62fdf1f143b41e24485cea50d1cbac27 -> 
  custom:video-encoder-webm-vp8: eb34c28f22e8b96e1ab97ce403110664 -> 
  custom:video-codec-MediaFoundation-h265: 746d11721c4dcdbdad8f713fa42b33f4 -> 
  custom:video-decoder-webm-vp8: 9c59270c3fd7afecdb556c50c9e8de78 -> 
  custom:audio-decoder-ogg-vorbis: bf7c407c2cedff20999df2af8eb42d56 -> 
  custom:audio-encoder-webm-vorbis: bf7c407c2cedff20999df2af8eb42d56 -> 
========================================================================
Received Import Request.
  path: Assets/Scripts/LoginManager.cs
  artifactKey: Guid(98cf1fbd17e08854f86b05c62ba1f108) Importer(815301076,1909f56bfc062723c751e8b465ee728b)
Start importing Assets/Scripts/LoginManager.cs using Guid(98cf1fbd17e08854f86b05c62ba1f108) Importer(815301076,1909f56bfc062723c751e8b465ee728b)  -> (artifact id: 'aadb08d129dade774843bd7c6a4b9254') in 0.119756 seconds 
  Import took 0.130256 seconds .

========================================================================
Received Import Request.
  Time since last request: 132.725062 seconds.
  path: Assets/CSharpSDK-versioned/CSharpSDK-versioned/CSharpStepTemplate.yml
  artifactKey: Guid(08ba7552fa4448b4e8405271f430fb6b) Importer(815301076,1909f56bfc062723c751e8b465ee728b)
Start importing Assets/CSharpSDK-versioned/CSharpSDK-versioned/CSharpStepTemplate.yml using Guid(08ba7552fa4448b4e8405271f430fb6b) Importer(815301076,1909f56bfc062723c751e8b465ee728b)  -> (artifact id: '7037ae8ceedf91a77d2e0b2570a447e9') in 0.622138 seconds 
  Import took 0.975234 seconds .

========================================================================
Received Import Request.
  Time since last request: 13.833271 seconds.
  path: Assets/CSharpSDK-versioned/CSharpSDK-versioned/PlayFabSDK/source/PlayFabSettings.cs
  artifactKey: Guid(b87d9f053e1ea624bb046c7bda0b855a) Importer(815301076,1909f56bfc062723c751e8b465ee728b)
Start importing Assets/CSharpSDK-versioned/CSharpSDK-versioned/PlayFabSDK/source/PlayFabSettings.cs using Guid(b87d9f053e1ea624bb046c7bda0b855a) Importer(815301076,1909f56bfc062723c751e8b465ee728b)  -> (artifact id: '9730d00cdb3074021cf2e10e9a5d07f8') in 0.081789 seconds 
  Import took 0.098876 seconds .

========================================================================
Received Import Request.
  Time since last request: 0.274375 seconds.
  path: Assets/CSharpSDK-versioned/CSharpSDK-versioned/PlayFabSDK/source/PlayFabSettings.cs
  artifactKey: Guid(b87d9f053e1ea624bb046c7bda0b855a) Importer(815301076,1909f56bfc062723c751e8b465ee728b)
Start importing Assets/CSharpSDK-versioned/CSharpSDK-versioned/PlayFabSDK/source/PlayFabSettings.cs using Guid(b87d9f053e1ea624bb046c7bda0b855a) Importer(815301076,1909f56bfc062723c751e8b465ee728b)  -> (artifact id: '9730d00cdb3074021cf2e10e9a5d07f8') in 0.041883 seconds 
  Import took 0.059857 seconds .

========================================================================
Received Import Request.
  Time since last request: 1.762000 seconds.
  path: Assets/CSharpSDK-versioned/CSharpSDK-versioned/XamarinTestRunner/XamarinTestRunner/PlayFabSDK/PlayFabSettings.cs
  artifactKey: Guid(fd57d14b59ee17e4692d8f95d7439e80) Importer(815301076,1909f56bfc062723c751e8b465ee728b)
Start importing Assets/CSharpSDK-versioned/CSharpSDK-versioned/XamarinTestRunner/XamarinTestRunner/PlayFabSDK/PlayFabSettings.cs using Guid(fd57d14b59ee17e4692d8f95d7439e80) Importer(815301076,1909f56bfc062723c751e8b465ee728b)  -> (artifact id: 'eab4f01c6eb1284d37ad37c46157482d') in 0.026579 seconds 
  Import took 0.037874 seconds .

========================================================================
Received Import Request.
  Time since last request: 89.106372 seconds.
  path: Assets/CSharpSDK-versioned/CSharpSDK-versioned/PlayFabSDK/source/PlayFabSettings.cs
  artifactKey: Guid(b87d9f053e1ea624bb046c7bda0b855a) Importer(815301076,1909f56bfc062723c751e8b465ee728b)
Start importing Assets/CSharpSDK-versioned/CSharpSDK-versioned/PlayFabSDK/source/PlayFabSettings.cs using Guid(b87d9f053e1ea624bb046c7bda0b855a) Importer(815301076,1909f56bfc062723c751e8b465ee728b)  -> (artifact id: 'c3022397856b03df315124155ae00702') in 0.017305 seconds 
  Import took 0.030330 seconds .

========================================================================
Received Import Request.
  Time since last request: 34.992290 seconds.
  path: Assets/CSharpSDK-versioned/CSharpSDK-versioned/PlayFabSDK/source/PlayFabUtil.cs
  artifactKey: Guid(ba89271edc29bb248bca3c5094d16931) Importer(815301076,1909f56bfc062723c751e8b465ee728b)
Start importing Assets/CSharpSDK-versioned/CSharpSDK-versioned/PlayFabSDK/source/PlayFabUtil.cs using Guid(ba89271edc29bb248bca3c5094d16931) Importer(815301076,1909f56bfc062723c751e8b465ee728b)  -> (artifact id: 'b216b6c47e008a9bc5a3edd79c1748d6') in 0.085382 seconds 
  Import took 0.103517 seconds .

========================================================================
Received Import Request.
  Time since last request: 15.380009 seconds.
  path: Assets/CSharpSDK-versioned/CSharpSDK-versioned/PlayFabSDK/source/PlayFabUtil.cs
  artifactKey: Guid(ba89271edc29bb248bca3c5094d16931) Importer(815301076,1909f56bfc062723c751e8b465ee728b)
Start importing Assets/CSharpSDK-versioned/CSharpSDK-versioned/PlayFabSDK/source/PlayFabUtil.cs using Guid(ba89271edc29bb248bca3c5094d16931) Importer(815301076,1909f56bfc062723c751e8b465ee728b)  -> (artifact id: '88ebd1b543aa41a60cb27d8217b3310c') in 0.036956 seconds 
  Import took 0.054880 seconds .

========================================================================
Received Import Request.
  Time since last request: 0.001404 seconds.
  path: Assets/CSharpSDK-versioned/CSharpSDK-versioned/PlayFabSDK/source/PlayFabUtil.cs
  artifactKey: Guid(ba89271edc29bb248bca3c5094d16931) Importer(815301076,1909f56bfc062723c751e8b465ee728b)
Start importing Assets/CSharpSDK-versioned/CSharpSDK-versioned/PlayFabSDK/source/PlayFabUtil.cs using Guid(ba89271edc29bb248bca3c5094d16931) Importer(815301076,1909f56bfc062723c751e8b465ee728b)  -> (artifact id: '88ebd1b543aa41a60cb27d8217b3310c') in 0.020786 seconds 
  Import took 0.032263 seconds .

========================================================================
Received Import Request.
  Time since last request: 4778.575480 seconds.
  path: Assets/source/PlayFabUtil.cs
  artifactKey: Guid(8816e12dab2b55c498081d4c0c6a8a14) Importer(815301076,1909f56bfc062723c751e8b465ee728b)
Start importing Assets/source/PlayFabUtil.cs using Guid(8816e12dab2b55c498081d4c0c6a8a14) Importer(815301076,1909f56bfc062723c751e8b465ee728b)  -> (artifact id: '459a2063c1e84befa397407c2d355f9e') in 0.371991 seconds 
  Import took 1.014533 seconds .

========================================================================
Received Import Request.
  Time since last request: 35.698743 seconds.
  path: Assets/source/PlayFabUtil.cs
  artifactKey: Guid(8816e12dab2b55c498081d4c0c6a8a14) Importer(815301076,1909f56bfc062723c751e8b465ee728b)
Start importing Assets/source/PlayFabUtil.cs using Guid(8816e12dab2b55c498081d4c0c6a8a14) Importer(815301076,1909f56bfc062723c751e8b465ee728b)  -> (artifact id: 'cf755e08678f5e186ab9fd31f329dcc9') in 0.328064 seconds 
  Import took 0.641780 seconds .

========================================================================
Received Prepare
Registering precompiled user dll's ...
Registered in 0.075463 seconds.
Begin MonoManager ReloadAssembly
Native extension for WindowsStandalone target not found
Refreshing native plugins compatible for Editor in 1.70 ms, found 2 plugins.
Preloading 0 native plugins for Editor in 0.00 ms.
Mono: successfully reloaded assembly
- Completed reload, in 11.558 seconds
Platform modules already initialized, skipping
Refreshing native plugins compatible for Editor in 0.72 ms, found 2 plugins.
Preloading 0 native plugins for Editor in 0.00 ms.
Unloading 1855 Unused Serialized files (Serialized files now loaded: 0)
System memory in use before: 85.6 MB.
System memory in use after: 85.7 MB.

Unloading 14 unused Assets to reduce memory usage. Loaded Objects now: 2296.
Total: 31.068500 ms (FindLiveObjects: 1.405300 ms CreateObjectMapping: 0.439000 ms MarkObjects: 27.592700 ms  DeleteObjects: 1.625500 ms)

AssetImportParameters requested are different than current active one (requested -> active):
  custom:framework-win-MediaFoundation: 216162199b28c13a410421893ffa2e32 -> 
  custom:video-decoder-ogg-theora: a1e56fd34408186e4bbccfd4996cb3dc -> 
  custom:container-muxer-webm: aa71ff27fc2769a1b78a27578f13a17b -> 
  custom:container-demuxer-webm: 4f35f7cbe854078d1ac9338744f61a02 -> 
  custom:container-demuxer-ogg: 62fdf1f143b41e24485cea50d1cbac27 -> 
  custom:video-encoder-webm-vp8: eb34c28f22e8b96e1ab97ce403110664 -> 
  custom:video-codec-MediaFoundation-h265: 746d11721c4dcdbdad8f713fa42b33f4 -> 
  custom:video-decoder-webm-vp8: 9c59270c3fd7afecdb556c50c9e8de78 -> 
  custom:audio-decoder-ogg-vorbis: bf7c407c2cedff20999df2af8eb42d56 -> 
  custom:audio-encoder-webm-vorbis: bf7c407c2cedff20999df2af8eb42d56 -> 
========================================================================
Received Prepare
Registering precompiled user dll's ...
Registered in 0.028359 seconds.
Begin MonoManager ReloadAssembly
Native extension for WindowsStandalone target not found
Refreshing native plugins compatible for Editor in 0.62 ms, found 2 plugins.
Preloading 0 native plugins for Editor in 0.00 ms.
Mono: successfully reloaded assembly
- Completed reload, in  5.041 seconds
Platform modules already initialized, skipping
Refreshing native plugins compatible for Editor in 1.03 ms, found 2 plugins.
Preloading 0 native plugins for Editor in 0.00 ms.
Unloading 1855 Unused Serialized files (Serialized files now loaded: 0)
System memory in use before: 85.8 MB.
System memory in use after: 85.9 MB.

Unloading 14 unused Assets to reduce memory usage. Loaded Objects now: 2299.
Total: 26.882900 ms (FindLiveObjects: 0.589800 ms CreateObjectMapping: 0.261300 ms MarkObjects: 22.527800 ms  DeleteObjects: 3.497500 ms)

AssetImportParameters requested are different than current active one (requested -> active):
  custom:framework-win-MediaFoundation: 216162199b28c13a410421893ffa2e32 -> 
  custom:video-decoder-ogg-theora: a1e56fd34408186e4bbccfd4996cb3dc -> 
  custom:container-muxer-webm: aa71ff27fc2769a1b78a27578f13a17b -> 
  custom:container-demuxer-webm: 4f35f7cbe854078d1ac9338744f61a02 -> 
  custom:container-demuxer-ogg: 62fdf1f143b41e24485cea50d1cbac27 -> 
  custom:video-encoder-webm-vp8: eb34c28f22e8b96e1ab97ce403110664 -> 
  custom:video-codec-MediaFoundation-h265: 746d11721c4dcdbdad8f713fa42b33f4 -> 
  custom:video-decoder-webm-vp8: 9c59270c3fd7afecdb556c50c9e8de78 -> 
  custom:audio-decoder-ogg-vorbis: bf7c407c2cedff20999df2af8eb42d56 -> 
  custom:audio-encoder-webm-vorbis: bf7c407c2cedff20999df2af8eb42d56 -> 
